[03:15:55.336] [main/TRACE]: Main - Entré dans le jeu
[03:15:55.340] [main/TRACE]: Main - Mode développer choisi : 0
[03:15:56.977] [main/TRACE]: Main - Jeu choisi : mastermind
[03:15:57.439] [main/TRACE]: Main - Mode choisi : Dual
[03:16:04.651] [main/TRACE]: Main - Nombre de chiffres bien placés : 1 et nombre de chiffres présents 0
[03:16:04.652] [main/TRACE]: Main - Nombre de chiffres bien placés : 2 et nombre de chiffres présents 0
[03:16:06.183] [main/TRACE]: Main - Nombre de chiffres bien placés : 1 et nombre de chiffres présents 0
[03:16:06.183] [main/TRACE]: Main - Nombre de chiffres bien placés : 2 et nombre de chiffres présents 0
[03:16:08.090] [main/TRACE]: Main - Nombre de chiffres bien placés : 1 et nombre de chiffres présents 0
[03:16:08.091] [main/TRACE]: Main - Nombre de chiffres bien placés : 2 et nombre de chiffres présents 1
[03:16:09.191] [main/TRACE]: Main - Nombre de chiffres bien placés : 1 et nombre de chiffres présents 0
[03:16:09.191] [main/TRACE]: Main - Nombre de chiffres bien placés : 3 et nombre de chiffres présents 1
[03:16:10.210] [main/TRACE]: Main - Nombre de chiffres bien placés : 1 et nombre de chiffres présents 0
[03:16:10.211] [main/TRACE]: Main - Nombre de chiffres bien placés : 3 et nombre de chiffres présents 1
[03:16:10.832] [main/TRACE]: Main - Nombre de chiffres bien placés : 1 et nombre de chiffres présents 0
[03:16:10.833] [main/TRACE]: Main - Nombre de chiffres bien placés : 3 et nombre de chiffres présents 1
[03:16:11.318] [main/TRACE]: Main - Nombre de chiffres bien placés : 1 et nombre de chiffres présents 0
[03:16:11.318] [main/TRACE]: Main - Nombre de chiffres bien placés : 3 et nombre de chiffres présents 2
[03:16:11.748] [main/TRACE]: Main - Nombre de chiffres bien placés : 1 et nombre de chiffres présents 0
[03:16:11.749] [main/TRACE]: Main - Nombre de chiffres bien placés : 3 et nombre de chiffres présents 1
[03:16:12.104] [main/TRACE]: Main - Nombre de chiffres bien placés : 1 et nombre de chiffres présents 0
[03:16:12.104] [main/TRACE]: Main - Nombre de chiffres bien placés : 4 et nombre de chiffres présents 1
[03:16:12.509] [main/TRACE]: Main - Nombre de chiffres bien placés : 1 et nombre de chiffres présents 0
[03:16:12.509] [main/TRACE]: Main - Nombre de chiffres bien placés : 4 et nombre de chiffres présents 1
[03:16:12.895] [main/TRACE]: Main - Nombre de chiffres bien placés : 1 et nombre de chiffres présents 0
[03:16:12.895] [main/TRACE]: Main - Nombre de chiffres bien placés : 4 et nombre de chiffres présents 1
[03:16:13.243] [main/TRACE]: Main - Nombre de chiffres bien placés : 1 et nombre de chiffres présents 0
[03:16:13.243] [main/TRACE]: Main - Nombre de chiffres bien placés : 4 et nombre de chiffres présents 2
[03:16:13.561] [main/TRACE]: Main - Nombre de chiffres bien placés : 1 et nombre de chiffres présents 0
[03:16:13.561] [main/TRACE]: Main - Nombre de chiffres bien placés : 5 et nombre de chiffres présents 0
[03:16:13.909] [main/TRACE]: Main - Nombre de chiffres bien placés : 1 et nombre de chiffres présents 0
[03:16:13.909] [main/TRACE]: Main - Nombre de chiffres bien placés : 5 et nombre de chiffres présents 0
[03:16:14.225] [main/TRACE]: Main - Nombre de chiffres bien placés : 1 et nombre de chiffres présents 0
[03:16:14.226] [main/TRACE]: Main - Nombre de chiffres bien placés : 4 et nombre de chiffres présents 1
[03:16:14.547] [main/TRACE]: Main - Nombre de chiffres bien placés : 1 et nombre de chiffres présents 0
[03:16:14.547] [main/TRACE]: Main - Nombre de chiffres bien placés : 5 et nombre de chiffres présents 0
[03:16:14.908] [main/TRACE]: Main - Nombre de chiffres bien placés : 1 et nombre de chiffres présents 0
[03:16:14.908] [main/TRACE]: Main - Nombre de chiffres bien placés : 5 et nombre de chiffres présents 0
[03:16:15.331] [main/TRACE]: Main - Nombre de chiffres bien placés : 1 et nombre de chiffres présents 0
[03:16:15.331] [main/TRACE]: Main - Nombre de chiffres bien placés : 5 et nombre de chiffres présents 0
[03:16:15.745] [main/TRACE]: Main - Nombre de chiffres bien placés : 1 et nombre de chiffres présents 0
[03:16:15.745] [main/TRACE]: Main - Nombre de chiffres bien placés : 5 et nombre de chiffres présents 1
[03:16:16.137] [main/TRACE]: Main - Nombre de chiffres bien placés : 1 et nombre de chiffres présents 0
[03:16:16.137] [main/TRACE]: Main - Nombre de chiffres bien placés : 5 et nombre de chiffres présents 0
[03:16:16.517] [main/TRACE]: Main - Nombre de chiffres bien placés : 1 et nombre de chiffres présents 0
[03:16:16.517] [main/TRACE]: Main - Nombre de chiffres bien placés : 5 et nombre de chiffres présents 0
[03:16:16.883] [main/TRACE]: Main - Nombre de chiffres bien placés : 1 et nombre de chiffres présents 0
[03:16:16.883] [main/TRACE]: Main - Nombre de chiffres bien placés : 5 et nombre de chiffres présents 0
[03:16:17.216] [main/TRACE]: Main - Nombre de chiffres bien placés : 1 et nombre de chiffres présents 0
[03:16:17.216] [main/TRACE]: Main - Nombre de chiffres bien placés : 5 et nombre de chiffres présents 0
[03:16:17.697] [main/TRACE]: Main - Nombre de chiffres bien placés : 1 et nombre de chiffres présents 0
[03:16:17.697] [main/TRACE]: Main - Nombre de chiffres bien placés : 5 et nombre de chiffres présents 0
[03:16:18.096] [main/TRACE]: Main - Nombre de chiffres bien placés : 1 et nombre de chiffres présents 0
[03:16:18.096] [main/TRACE]: Main - Nombre de chiffres bien placés : 6 et nombre de chiffres présents 0
[03:16:18.509] [main/TRACE]: Main - Nombre de chiffres bien placés : 1 et nombre de chiffres présents 0
[03:16:18.509] [main/TRACE]: Main - Nombre de chiffres bien placés : 6 et nombre de chiffres présents 0
[03:16:18.968] [main/TRACE]: Main - Nombre de chiffres bien placés : 1 et nombre de chiffres présents 0
[03:16:18.968] [main/TRACE]: Main - Nombre de chiffres bien placés : 6 et nombre de chiffres présents 0
[03:16:19.809] [main/TRACE]: Main - Nombre de chiffres bien placés : 1 et nombre de chiffres présents 0
[03:16:19.809] [main/TRACE]: Main - Nombre de chiffres bien placés : 7 et nombre de chiffres présents 0
[03:16:20.952] [main/TRACE]: Main - Nombre de chiffres bien placés : 1 et nombre de chiffres présents 0
[03:16:20.953] [main/TRACE]: Main - Nombre de chiffres bien placés : 7 et nombre de chiffres présents 0
[03:16:22.542] [main/TRACE]: Main - Nombre de chiffres bien placés : 0 et nombre de chiffres présents 1
[03:16:22.542] [main/TRACE]: Main - Nombre de chiffres bien placés : 7 et nombre de chiffres présents 0
[03:16:23.596] [main/TRACE]: Main - Nombre de chiffres bien placés : 0 et nombre de chiffres présents 1
[03:16:23.596] [main/TRACE]: Main - Nombre de chiffres bien placés : 7 et nombre de chiffres présents 0
[03:16:24.468] [main/TRACE]: Main - Nombre de chiffres bien placés : 0 et nombre de chiffres présents 1
[03:16:24.468] [main/TRACE]: Main - Nombre de chiffres bien placés : 7 et nombre de chiffres présents 0
[03:16:25.344] [main/TRACE]: Main - Nombre de chiffres bien placés : 0 et nombre de chiffres présents 1
[03:16:25.344] [main/TRACE]: Main - Nombre de chiffres bien placés : 7 et nombre de chiffres présents 0
[03:16:26.335] [main/TRACE]: Main - Nombre de chiffres bien placés : 0 et nombre de chiffres présents 1
[03:16:26.335] [main/TRACE]: Main - Nombre de chiffres bien placés : 7 et nombre de chiffres présents 0
[03:16:27.165] [main/TRACE]: Main - Nombre de chiffres bien placés : 0 et nombre de chiffres présents 1
[03:16:27.165] [main/TRACE]: Main - Nombre de chiffres bien placés : 7 et nombre de chiffres présents 0
[03:16:27.872] [main/TRACE]: Main - Nombre de chiffres bien placés : 0 et nombre de chiffres présents 1
[03:16:27.872] [main/TRACE]: Main - Nombre de chiffres bien placés : 7 et nombre de chiffres présents 0
[03:16:28.821] [main/TRACE]: Main - Nombre de chiffres bien placés : 0 et nombre de chiffres présents 1
[03:16:28.821] [main/TRACE]: Main - Nombre de chiffres bien placés : 7 et nombre de chiffres présents 0
[03:16:29.513] [main/TRACE]: Main - Nombre de chiffres bien placés : 0 et nombre de chiffres présents 1
[03:16:29.513] [main/TRACE]: Main - Nombre de chiffres bien placés : 8 et nombre de chiffres présents 0
[03:16:29.513] [main/TRACE]: Main - Ordinateur a gagné en 38 coups
[03:16:34.557] [main/TRACE]: Main - Jeu choisi : mastermind
[03:16:36.067] [main/TRACE]: Main - Mode choisi : Dual
[03:16:51.471] [main/TRACE]: Main - Nombre de chiffres bien placés : 2 et nombre de chiffres présents 0
[03:16:51.471] [main/TRACE]: Main - Nombre de chiffres bien placés : 3 et nombre de chiffres présents 0
[03:16:52.515] [main/TRACE]: Main - Nombre de chiffres bien placés : 2 et nombre de chiffres présents 0
[03:16:52.515] [main/TRACE]: Main - Nombre de chiffres bien placés : 2 et nombre de chiffres présents 2
[03:16:52.960] [main/TRACE]: Main - Nombre de chiffres bien placés : 2 et nombre de chiffres présents 0
[03:16:52.960] [main/TRACE]: Main - Nombre de chiffres bien placés : 3 et nombre de chiffres présents 0
[03:16:53.373] [main/TRACE]: Main - Nombre de chiffres bien placés : 2 et nombre de chiffres présents 0
[03:16:53.373] [main/TRACE]: Main - Nombre de chiffres bien placés : 3 et nombre de chiffres présents 0
[03:16:53.725] [main/TRACE]: Main - Nombre de chiffres bien placés : 2 et nombre de chiffres présents 0
[03:16:53.725] [main/TRACE]: Main - Nombre de chiffres bien placés : 2 et nombre de chiffres présents 2
[03:16:54.115] [main/TRACE]: Main - Nombre de chiffres bien placés : 2 et nombre de chiffres présents 0
[03:16:54.116] [main/TRACE]: Main - Nombre de chiffres bien placés : 3 et nombre de chiffres présents 0
[03:16:54.751] [main/TRACE]: Main - Nombre de chiffres bien placés : 2 et nombre de chiffres présents 0
[03:16:54.752] [main/TRACE]: Main - Nombre de chiffres bien placés : 3 et nombre de chiffres présents 0
[03:16:55.255] [main/TRACE]: Main - Nombre de chiffres bien placés : 2 et nombre de chiffres présents 0
[03:16:55.255] [main/TRACE]: Main - Nombre de chiffres bien placés : 3 et nombre de chiffres présents 1
[03:16:55.726] [main/TRACE]: Main - Nombre de chiffres bien placés : 2 et nombre de chiffres présents 0
[03:16:55.726] [main/TRACE]: Main - Nombre de chiffres bien placés : 3 et nombre de chiffres présents 2
[03:16:56.174] [main/TRACE]: Main - Nombre de chiffres bien placés : 2 et nombre de chiffres présents 0
[03:16:56.174] [main/TRACE]: Main - Nombre de chiffres bien placés : 4 et nombre de chiffres présents 1
[03:16:56.535] [main/TRACE]: Main - Nombre de chiffres bien placés : 2 et nombre de chiffres présents 0
[03:16:56.535] [main/TRACE]: Main - Nombre de chiffres bien placés : 4 et nombre de chiffres présents 1
[03:16:56.830] [main/TRACE]: Main - Nombre de chiffres bien placés : 2 et nombre de chiffres présents 0
[03:16:56.830] [main/TRACE]: Main - Nombre de chiffres bien placés : 4 et nombre de chiffres présents 2
[03:16:57.122] [main/TRACE]: Main - Nombre de chiffres bien placés : 2 et nombre de chiffres présents 0
[03:16:57.122] [main/TRACE]: Main - Nombre de chiffres bien placés : 5 et nombre de chiffres présents 2
[03:16:57.377] [main/TRACE]: Main - Nombre de chiffres bien placés : 2 et nombre de chiffres présents 0
[03:16:57.377] [main/TRACE]: Main - Nombre de chiffres bien placés : 5 et nombre de chiffres présents 2
[03:16:57.622] [main/TRACE]: Main - Nombre de chiffres bien placés : 2 et nombre de chiffres présents 0
[03:16:57.623] [main/TRACE]: Main - Nombre de chiffres bien placés : 6 et nombre de chiffres présents 2
[03:16:57.849] [main/TRACE]: Main - Nombre de chiffres bien placés : 2 et nombre de chiffres présents 0
[03:16:57.849] [main/TRACE]: Main - Nombre de chiffres bien placés : 6 et nombre de chiffres présents 2
[03:16:58.081] [main/TRACE]: Main - Nombre de chiffres bien placés : 2 et nombre de chiffres présents 0
[03:16:58.081] [main/TRACE]: Main - Nombre de chiffres bien placés : 6 et nombre de chiffres présents 2
[03:16:58.318] [main/TRACE]: Main - Nombre de chiffres bien placés : 2 et nombre de chiffres présents 0
[03:16:58.318] [main/TRACE]: Main - Nombre de chiffres bien placés : 6 et nombre de chiffres présents 2
[03:16:58.570] [main/TRACE]: Main - Nombre de chiffres bien placés : 2 et nombre de chiffres présents 0
[03:16:58.570] [main/TRACE]: Main - Nombre de chiffres bien placés : 7 et nombre de chiffres présents 1
[03:16:58.813] [main/TRACE]: Main - Nombre de chiffres bien placés : 2 et nombre de chiffres présents 0
[03:16:58.813] [main/TRACE]: Main - Nombre de chiffres bien placés : 7 et nombre de chiffres présents 1
[03:16:59.182] [main/TRACE]: Main - Nombre de chiffres bien placés : 2 et nombre de chiffres présents 0
[03:16:59.182] [main/TRACE]: Main - Nombre de chiffres bien placés : 7 et nombre de chiffres présents 1
[03:16:59.591] [main/TRACE]: Main - Nombre de chiffres bien placés : 2 et nombre de chiffres présents 0
[03:16:59.591] [main/TRACE]: Main - Nombre de chiffres bien placés : 8 et nombre de chiffres présents 0
[03:16:59.591] [main/TRACE]: Main - Ordinateur a gagné en 22 coups
